[06:05:41] [ServerMain/INFO]: [bootstrap] Running Java 21 (OpenJDK 64-Bit Server VM 21.0.4+7-LTS; Microsoft Microsoft-9889606) on Linux 6.5.0-1022-azure (amd64)
[06:05:41] [ServerMain/INFO]: [bootstrap] Loading Paper 1.21.1-52-master@e08e667 (2024-08-26T18:02:06Z) for Minecraft 1.21.1
[06:05:42] [ServerMain/INFO]: [PluginInitializerManager] Initializing plugins...
[06:05:42] [ServerMain/INFO]: [PluginInitializerManager] Initialized 0 plugins
[06:05:49] [ServerMain/INFO]: Environment: Environment[sessionHost=https://sessionserver.mojang.com, servicesHost=https://api.minecraftservices.com, name=PROD]
[06:05:50] [ServerMain/INFO]: Found new data pack file/bukkit, loading it automatically
[06:05:50] [ServerMain/INFO]: Found new data pack paper, loading it automatically
[06:05:51] [ServerMain/INFO]: No existing world data, creating new world
[06:05:52] [ServerMain/INFO]: Loaded 1290 recipes
[06:05:52] [ServerMain/INFO]: Loaded 1399 advancements
[06:05:53] [Server thread/INFO]: Starting minecraft server version 1.21.1
[06:05:53] [Server thread/INFO]: Loading properties
[06:05:53] [Server thread/INFO]: This server is running Paper version 1.21.1-52-master@e08e667 (2024-08-26T18:02:06Z) (Implementing API version 1.21.1-R0.1-SNAPSHOT)
[06:05:54] [Server thread/INFO]: [spark] This server bundles the spark profiler. For more information please visit https://docs.papermc.io/paper/profiling
[06:05:54] [Server thread/INFO]: Server Ping Player Sample Count: 12
[06:05:54] [Server thread/INFO]: Using 4 threads for Netty based IO
[06:05:55] [Server thread/INFO]: [ChunkTaskScheduler] Chunk system is using 1 I/O threads, 1 worker threads, and population gen parallelism of 1 threads
[06:05:56] [Server thread/INFO]: Default game type: SURVIVAL
[06:05:56] [Server thread/INFO]: Generating keypair
[06:05:56] [Server thread/INFO]: Starting Minecraft server on *:25565
[06:05:56] [Server thread/INFO]: Using epoll channel type
[06:05:56] [Server thread/INFO]: Paper: Using libdeflate (Linux x86_64) compression from Velocity.
[06:05:56] [Server thread/INFO]: Paper: Using OpenSSL 1.1.x (Linux x86_64) cipher from Velocity.
[06:05:56] [Server thread/INFO]: Preparing level "world"
[06:06:12] [Server thread/INFO]: Preparing start region for dimension minecraft:overworld
[06:06:23] [Server thread/INFO]: Time elapsed: 10824 ms
[06:06:23] [Server thread/INFO]: Preparing start region for dimension minecraft:the_nether
[06:06:27] [Server thread/INFO]: Time elapsed: 3389 ms
[06:06:27] [Server thread/INFO]: Preparing start region for dimension minecraft:the_end
[06:06:28] [Server thread/INFO]: Time elapsed: 1056 ms
[06:06:28] [Server thread/INFO]: [spark] Starting background profiler...
[06:06:28] [Server thread/INFO]: Done preparing level "world" (32.026s)
[06:06:28] [Server thread/INFO]: Running delayed init tasks
[06:06:28] [Server thread/INFO]: Done (47.871s)! For help, type "help"
[06:06:28] [Server thread/INFO]: *************************************************************************************
[06:06:28] [Server thread/INFO]: This is the first time you're starting this server.
[06:06:28] [Server thread/INFO]: It's recommended you read our 'Getting Started' documentation for guidance.
[06:06:28] [Server thread/INFO]: View this and more helpful information here: https://docs.papermc.io/paper/next-steps
[06:06:28] [Server thread/INFO]: *************************************************************************************
[06:06:28] [Server thread/INFO]: Timings Reset
[06:15:06] [Server thread/INFO]: Checking version, please wait...
[06:15:06] [Thread-7/INFO]: This server is running Paper version 1.21.1-52-master@e08e667 (2024-08-26T18:02:06Z) (Implementing API version 1.21.1-R0.1-SNAPSHOT)
You are running the latest version
[06:15:08] [Server thread/INFO]: Stopping server
[06:15:08] [Server thread/INFO]: Saving players
[06:15:08] [Server thread/INFO]: Saving worlds
[06:15:08] [Server thread/INFO]: Saving chunks for level 'ServerLevel[world]'/minecraft:overworld
[06:15:08] [Server thread/INFO]: [ChunkHolderManager] Waiting 60s for chunk system to halt for world 'world'
[06:15:08] [Server thread/INFO]: [ChunkHolderManager] Halted chunk system for world 'world'
[06:15:08] [Server thread/INFO]: [ChunkHolderManager] Saving all chunkholders for world 'world'
[06:15:09] [Server thread/INFO]: [ChunkHolderManager] Saved 799 block chunks, 3 entity chunks, 0 poi chunks in world 'world' in 1.23s
[06:15:09] [Server thread/INFO]: Saving chunks for level 'ServerLevel[world_nether]'/minecraft:the_nether
[06:15:09] [Server thread/INFO]: [ChunkHolderManager] Waiting 60s for chunk system to halt for world 'world_nether'
[06:15:09] [Server thread/INFO]: [ChunkHolderManager] Halted chunk system for world 'world_nether'
[06:15:09] [Server thread/INFO]: [ChunkHolderManager] Saving all chunkholders for world 'world_nether'
[06:15:10] [Server thread/INFO]: [ChunkHolderManager] Saved 792 block chunks, 1 entity chunks, 0 poi chunks in world 'world_nether' in 0.66s
[06:15:10] [Server thread/INFO]: Saving chunks for level 'ServerLevel[world_the_end]'/minecraft:the_end
[06:15:10] [Server thread/INFO]: [ChunkHolderManager] Waiting 60s for chunk system to halt for world 'world_the_end'
[06:15:10] [Server thread/INFO]: [ChunkHolderManager] Halted chunk system for world 'world_the_end'
[06:15:10] [Server thread/INFO]: [ChunkHolderManager] Saving all chunkholders for world 'world_the_end'
[06:15:11] [Server thread/INFO]: [ChunkHolderManager] Saved 792 block chunks, 10 entity chunks, 0 poi chunks in world 'world_the_end' in 0.56s
[06:15:11] [Server thread/INFO]: ThreadedAnvilChunkStorage (world): All chunks are saved
[06:15:11] [Server thread/INFO]: ThreadedAnvilChunkStorage (DIM-1): All chunks are saved
[06:15:11] [Server thread/INFO]: ThreadedAnvilChunkStorage (DIM1): All chunks are saved
[06:15:11] [Server thread/INFO]: ThreadedAnvilChunkStorage: All dimensions are saved
